FlowStims 2.2
scrWidthPx 640
scrHeightPx 512
fullScreen false
fastRendering false
frameRate 60
saveMovieFrames true
antiAlias true
saveTrialScrShots false
scrWidthCm 27.0
scrDistCm 22.0
randomSeed 19
trialLenSec 1.5
preStimLenSec 3.0
postStimLenSec 0.0
nTrialBlocks 2
nDirs 8
tempFreq 4
nFadeFrames 0
useMask false
useFlows true
nDots 1 3
dotFgVal 8 248
->dotBgVal 128 128
->dotInterVal 128 128
dotDiamDeg 2
->dotSpacing 2 2
rigidTrans false
sepWeight 1.5
maxForce 0.04
tileSize 2.0
dirStd 0.09
posStd 0.1
equalArea true
fixRandState false
sameFlows true
useGratings true
gratWidthDeg 12.5 2
randGratPhase false
gratFgVal 68
->gratBgVal 188
->gratInterVal 128
